<?xml version="1.0" encoding="UTF-8"?>
<testsuite name="com.rsmaxwell.diaries.responder.ImageWiringIntegrationTest" tests="5" skipped="0" failures="0" errors="0" timestamp="2026-09-13T09:14:13.961Z" hostname="RICHARD-PC" time="45.539">
  <properties/>
  <testcase name="actualFactoryAndResponderWiringRegisterAndExposeImage()" classname="com.rsmaxwell.diaries.responder.ImageWiringIntegrationTest" time="0.03"/>
  <testcase name="imageWritesDoNotAlterExistingRetainedReplayInPhaseThree()" classname="com.rsmaxwell.diaries.responder.ImageWiringIntegrationTest" time="43.773"/>
  <testcase name="activeTransactionRemainsOwnedByCaller()" classname="com.rsmaxwell.diaries.responder.ImageWiringIntegrationTest" time="0.006"/>
  <testcase name="uniqueConflictRollsBackAndContextRemainsUsable()" classname="com.rsmaxwell.diaries.responder.ImageWiringIntegrationTest" time="0.021"/>
  <testcase name="saveAndUpdateCommitBeforeReturningAndInflateIndependently()" classname="com.rsmaxwell.diaries.responder.ImageWiringIntegrationTest" time="0.029"/>
  <system-out><![CDATA[]]></system-out>
  <system-err><![CDATA[SLF4J(I): Connected with provider of type [org.apache.logging.slf4j.SLF4JServiceProvider]
]]></system-err>
</testsuite>
